<?xml version="1.0" encoding="UTF-8"?>
<!-- Generated by org.testng.reporters.JUnitReportReporter -->
<testsuite skipped="0" hostname="DESKTOP-8JMN97U" name="com.qa.testcases.LoginTestcases" tests="1" failures="0" timestamp="15 Sep 2020 20:06:38 GMT" time="16.613" errors="0">
  <testcase name="loginTest" time="16.613" classname="com.qa.testcases.LoginTestcases"/>
</testsuite> <!-- com.qa.testcases.LoginTestcases -->
